Removed Pin From Net: NetName=+12 Pin=C1-1
Removed Pin From Net: NetName=GND Pin=C1-2
Removed Pin From Net: NetName=GND Pin=U1-9
Removed Pin From Net: NetName=+5 Pin=U1-10
Removed Pin From Net: NetName=GND Pin=U1-15
Removed Pin From Net: NetName=+12 Pin=U1-16
Removed Member From Class: ClassName=Repeat(M_Driver,3) Member=C1
Removed Member From Class: ClassName=Repeat(M_Driver,3) Member=J1
Removed Member From Class: ClassName=Repeat(M_Driver,3) Member=U1
Added Component: Designator=C1_SM1(RB7.6-15)
Add component (AddParameter): Name = "LatestRevisionDate"; Value = "17-Jul-2002"; VariantName = "[No Variations]"
Add component (AddParameter): Name = "LatestRevisionNote"; Value = "Re-released for DXP Platform."; VariantName = "[No Variations]"
Add component (AddParameter): Name = "PackageDescription"; Value = "Polarized Capacitor (Radial); 2 Leads"; VariantName = "[No Variations]"
Add component (AddParameter): Name = "PackageReference"; Value = "RB7.6-15"; VariantName = "[No Variations]"
Add component (AddParameter): Name = "Published"; Value = "8-Jun-2000"; VariantName = "[No Variations]"
Add component (AddParameter): Name = "Publisher"; Value = "Altium Limited"; VariantName = "[No Variations]"
Add component (AddParameter): Name = "Value"; Value = "100uF"; VariantName = "[No Variations]"
Added Component: Designator=C1_SM2(RB7.6-15)
Add component (AddParameter): Name = "LatestRevisionDate"; Value = "17-Jul-2002"; VariantName = "[No Variations]"
Add component (AddParameter): Name = "LatestRevisionNote"; Value = "Re-released for DXP Platform."; VariantName = "[No Variations]"
Add component (AddParameter): Name = "PackageDescription"; Value = "Polarized Capacitor (Radial); 2 Leads"; VariantName = "[No Variations]"
Add component (AddParameter): Name = "PackageReference"; Value = "RB7.6-15"; VariantName = "[No Variations]"
Add component (AddParameter): Name = "Published"; Value = "8-Jun-2000"; VariantName = "[No Variations]"
Add component (AddParameter): Name = "Publisher"; Value = "Altium Limited"; VariantName = "[No Variations]"
Add component (AddParameter): Name = "Value"; Value = "100uF"; VariantName = "[No Variations]"
Added Component: Designator=C1_SM3(RB7.6-15)
Add component (AddParameter): Name = "LatestRevisionDate"; Value = "17-Jul-2002"; VariantName = "[No Variations]"
Add component (AddParameter): Name = "LatestRevisionNote"; Value = "Re-released for DXP Platform."; VariantName = "[No Variations]"
Add component (AddParameter): Name = "PackageDescription"; Value = "Polarized Capacitor (Radial); 2 Leads"; VariantName = "[No Variations]"
Add component (AddParameter): Name = "PackageReference"; Value = "RB7.6-15"; VariantName = "[No Variations]"
Add component (AddParameter): Name = "Published"; Value = "8-Jun-2000"; VariantName = "[No Variations]"
Add component (AddParameter): Name = "Publisher"; Value = "Altium Limited"; VariantName = "[No Variations]"
Add component (AddParameter): Name = "Value"; Value = "100uF"; VariantName = "[No Variations]"
Added Component: Designator=J1_SM1(JST_4P)
Added Component: Designator=J1_SM2(JST_4P)
Added Component: Designator=J1_SM3(JST_4P)
Added Component: Designator=U1_SM1(A4988)
Added Component: Designator=U1_SM2(A4988)
Added Component: Designator=U1_SM3(A4988)
Added Pin To Net: NetName=+12 Pin=C1_SM1-1
Added Pin To Net: NetName=GND Pin=C1_SM1-2
Added Pin To Net: NetName=+12 Pin=C1_SM2-1
Added Pin To Net: NetName=GND Pin=C1_SM2-2
Added Pin To Net: NetName=+12 Pin=C1_SM3-1
Added Pin To Net: NetName=GND Pin=C1_SM3-2
Added Pin To Net: NetName=EN1 Pin=U1_SM1-1
Added Pin To Net: NetName=STEP1 Pin=U1_SM1-7
Added Pin To Net: NetName=DIR1 Pin=U1_SM1-8
Added Pin To Net: NetName=GND Pin=U1_SM1-9
Added Pin To Net: NetName=+5 Pin=U1_SM1-10
Added Pin To Net: NetName=GND Pin=U1_SM1-15
Added Pin To Net: NetName=+12 Pin=U1_SM1-16
Added Pin To Net: NetName=EN2 Pin=U1_SM2-1
Added Pin To Net: NetName=STEP2 Pin=U1_SM2-7
Added Pin To Net: NetName=DIR2 Pin=U1_SM2-8
Added Pin To Net: NetName=GND Pin=U1_SM2-9
Added Pin To Net: NetName=+5 Pin=U1_SM2-10
Added Pin To Net: NetName=GND Pin=U1_SM2-15
Added Pin To Net: NetName=+12 Pin=U1_SM2-16
Added Pin To Net: NetName=EN3 Pin=U1_SM3-1
Added Pin To Net: NetName=STEP3 Pin=U1_SM3-7
Added Pin To Net: NetName=DIR3 Pin=U1_SM3-8
Added Pin To Net: NetName=GND Pin=U1_SM3-9
Added Pin To Net: NetName=+5 Pin=U1_SM3-10
Added Pin To Net: NetName=GND Pin=U1_SM3-15
Added Pin To Net: NetName=+12 Pin=U1_SM3-16
Added Pin To Net: NetName=NetJ1_SM1_1 Pin=J1_SM1-1
Added Pin To Net: NetName=NetJ1_SM1_1 Pin=U1_SM1-14
Added Net: Name=NetJ1_SM1_1
Added Pin To Net: NetName=NetJ1_SM1_2 Pin=J1_SM1-2
Added Pin To Net: NetName=NetJ1_SM1_2 Pin=U1_SM1-13
Added Net: Name=NetJ1_SM1_2
Added Pin To Net: NetName=NetJ1_SM1_3 Pin=J1_SM1-3
Added Pin To Net: NetName=NetJ1_SM1_3 Pin=U1_SM1-12
Added Net: Name=NetJ1_SM1_3
Added Pin To Net: NetName=NetJ1_SM1_4 Pin=J1_SM1-4
Added Pin To Net: NetName=NetJ1_SM1_4 Pin=U1_SM1-11
Added Net: Name=NetJ1_SM1_4
Added Pin To Net: NetName=NetJ1_SM2_1 Pin=J1_SM2-1
Added Pin To Net: NetName=NetJ1_SM2_1 Pin=U1_SM2-14
Added Net: Name=NetJ1_SM2_1
Added Pin To Net: NetName=NetJ1_SM2_2 Pin=J1_SM2-2
Added Pin To Net: NetName=NetJ1_SM2_2 Pin=U1_SM2-13
Added Net: Name=NetJ1_SM2_2
Added Pin To Net: NetName=NetJ1_SM2_3 Pin=J1_SM2-3
Added Pin To Net: NetName=NetJ1_SM2_3 Pin=U1_SM2-12
Added Net: Name=NetJ1_SM2_3
Added Pin To Net: NetName=NetJ1_SM2_4 Pin=J1_SM2-4
Added Pin To Net: NetName=NetJ1_SM2_4 Pin=U1_SM2-11
Added Net: Name=NetJ1_SM2_4
Added Pin To Net: NetName=NetJ1_SM3_1 Pin=J1_SM3-1
Added Pin To Net: NetName=NetJ1_SM3_1 Pin=U1_SM3-14
Added Net: Name=NetJ1_SM3_1
Added Pin To Net: NetName=NetJ1_SM3_2 Pin=J1_SM3-2
Added Pin To Net: NetName=NetJ1_SM3_2 Pin=U1_SM3-13
Added Net: Name=NetJ1_SM3_2
Added Pin To Net: NetName=NetJ1_SM3_3 Pin=J1_SM3-3
Added Pin To Net: NetName=NetJ1_SM3_3 Pin=U1_SM3-12
Added Net: Name=NetJ1_SM3_3
Added Pin To Net: NetName=NetJ1_SM3_4 Pin=J1_SM3-4
Added Pin To Net: NetName=NetJ1_SM3_4 Pin=U1_SM3-11
Added Net: Name=NetJ1_SM3_4
Added Pin To Net: NetName=NetU1_SM1_5 Pin=U1_SM1-5
Added Pin To Net: NetName=NetU1_SM1_5 Pin=U1_SM1-6
Added Net: Name=NetU1_SM1_5
Added Pin To Net: NetName=NetU1_SM2_5 Pin=U1_SM2-5
Added Pin To Net: NetName=NetU1_SM2_5 Pin=U1_SM2-6
Added Net: Name=NetU1_SM2_5
Added Pin To Net: NetName=NetU1_SM3_5 Pin=U1_SM3-5
Added Pin To Net: NetName=NetU1_SM3_5 Pin=U1_SM3-6
Added Net: Name=NetU1_SM3_5
Change Class Name : Old Net Name=Repeat(M_Driver,3) New Net Name=SM1
Added Class: Name=SM2
Added Class: Name=SM3
Added Class: Name=SM1
Added Member To Class: ClassName=SM1 Member=Component C1_SM1 (C1) Cap Pol1
Added Member To Class: ClassName=SM1 Member=Component J1_SM1 (J1) connector
Added Member To Class: ClassName=SM1 Member=Component U1_SM1 (U1) Stepper Motor Driver
Added Room: Name=SM1
Added Room: Name=SM2
Added Room: Name=SM3
