Removed Pin From Net: NetName=GND Pin=C1_SM1-1
Removed Pin From Net: NetName=+12 Pin=C1_SM1-2
Removed Pin From Net: NetName=GND Pin=C1_SM2-1
Removed Pin From Net: NetName=+12 Pin=C1_SM2-2
Removed Pin From Net: NetName=GND Pin=C1_SM3-1
Removed Pin From Net: NetName=+12 Pin=C1_SM3-2
Removed Member From Class: ClassName=SM1 Member=C1_SM1
Removed Member From Class: ClassName=SM2 Member=C1_SM2
Removed Member From Class: ClassName=SM3 Member=C1_SM3
Added Component: Designator=C?_SM1(CAPR5-4X5)
Add component (AddParameter): Name = "PackageDescription"; Value = "Capacitor; 2 Leads"; VariantName = "[No Variations]"
Add component (AddParameter): Name = "PackageReference"; Value = "CAPR5-4X5"; VariantName = "[No Variations]"
Add component (AddParameter): Name = "Published"; Value = "23-Sep-2002"; VariantName = "[No Variations]"
Add component (AddParameter): Name = "Publisher"; Value = "Altium Limited"; VariantName = "[No Variations]"
Add component (AddParameter): Name = "Value"; Value = "100pF"; VariantName = "[No Variations]"
Added Component: Designator=C?_SM2(CAPR5-4X5)
Add component (AddParameter): Name = "PackageDescription"; Value = "Capacitor; 2 Leads"; VariantName = "[No Variations]"
Add component (AddParameter): Name = "PackageReference"; Value = "CAPR5-4X5"; VariantName = "[No Variations]"
Add component (AddParameter): Name = "Published"; Value = "23-Sep-2002"; VariantName = "[No Variations]"
Add component (AddParameter): Name = "Publisher"; Value = "Altium Limited"; VariantName = "[No Variations]"
Add component (AddParameter): Name = "Value"; Value = "100pF"; VariantName = "[No Variations]"
Added Component: Designator=C?_SM3(CAPR5-4X5)
Add component (AddParameter): Name = "PackageDescription"; Value = "Capacitor; 2 Leads"; VariantName = "[No Variations]"
Add component (AddParameter): Name = "PackageReference"; Value = "CAPR5-4X5"; VariantName = "[No Variations]"
Add component (AddParameter): Name = "Published"; Value = "23-Sep-2002"; VariantName = "[No Variations]"
Add component (AddParameter): Name = "Publisher"; Value = "Altium Limited"; VariantName = "[No Variations]"
Add component (AddParameter): Name = "Value"; Value = "100pF"; VariantName = "[No Variations]"
Added Pin To Net: NetName=+12 Pin=C?_SM1-1
Added Pin To Net: NetName=GND Pin=C?_SM1-2
Added Pin To Net: NetName=+12 Pin=C?_SM2-1
Added Pin To Net: NetName=GND Pin=C?_SM2-2
Added Pin To Net: NetName=+12 Pin=C?_SM3-1
Added Pin To Net: NetName=GND Pin=C?_SM3-2
Added Member To Class: ClassName=SM1 Member=Component C?_SM1 (C?) Cap2
Added Member To Class: ClassName=SM2 Member=Component C?_SM2 (C?) Cap2
Added Member To Class: ClassName=SM3 Member=Component C?_SM3 (C?) Cap2
