Added Pin To Net: NetName=+3V3 Pin=C2-1
Added Pin To Net: NetName=+3V3 Pin=C3-1
Added Pin To Net: NetName=+3V3 Pin=C8-1
Added Pin To Net: NetName=+3V3 Pin=U2-2
Added Pin To Net: NetName=+3V3 Pin=U7-2
Added Net: Name=+3V3
Added Pin To Net: NetName=+5 Pin=C6-1
Added Pin To Net: NetName=+5 Pin=C7-1
Added Pin To Net: NetName=+5 Pin=D1-1
Added Pin To Net: NetName=+5 Pin=J2-1
Added Pin To Net: NetName=+5 Pin=J3-1
Added Pin To Net: NetName=+5 Pin=J4-1
Added Pin To Net: NetName=+5 Pin=J6-1
Added Pin To Net: NetName=+5 Pin=J7-1
Added Pin To Net: NetName=+5 Pin=U1_SM1-10
Added Pin To Net: NetName=+5 Pin=U1_SM2-10
Added Pin To Net: NetName=+5 Pin=U1_SM3-10
Added Pin To Net: NetName=+5 Pin=U3-2
Added Pin To Net: NetName=+5 Pin=U6-2
Added Pin To Net: NetName=+5 Pin=U7-3
Added Net: Name=+5
Added Pin To Net: NetName=+12 Pin=C1_SM1-1
Added Pin To Net: NetName=+12 Pin=C1_SM2-1
Added Pin To Net: NetName=+12 Pin=C1_SM3-1
Added Pin To Net: NetName=+12 Pin=C5-1
Added Pin To Net: NetName=+12 Pin=J5-1
Added Pin To Net: NetName=+12 Pin=J8-1
Added Pin To Net: NetName=+12 Pin=U1_SM1-16
Added Pin To Net: NetName=+12 Pin=U1_SM2-16
Added Pin To Net: NetName=+12 Pin=U1_SM3-16
Added Pin To Net: NetName=+12 Pin=U6-1
Added Net: Name=+12
Added Pin To Net: NetName=CS_SD Pin=U2-29
Added Pin To Net: NetName=CS_SD Pin=U3-6
Added Net: Name=CS_SD
Added Pin To Net: NetName=DIR1 Pin=U1_SM1-8
Added Pin To Net: NetName=DIR1 Pin=U2-9
Added Net: Name=DIR1
Added Pin To Net: NetName=DIR2 Pin=U1_SM2-8
Added Pin To Net: NetName=DIR2 Pin=U2-10
Added Net: Name=DIR2
Added Pin To Net: NetName=DIR3 Pin=U1_SM3-8
Added Pin To Net: NetName=DIR3 Pin=U2-11
Added Net: Name=DIR3
Added Pin To Net: NetName=EN1 Pin=U1_SM1-1
Added Pin To Net: NetName=EN1 Pin=U2-12
Added Net: Name=EN1
Added Pin To Net: NetName=EN2 Pin=U1_SM2-1
Added Pin To Net: NetName=EN2 Pin=U2-13
Added Net: Name=EN2
Added Pin To Net: NetName=EN3 Pin=U1_SM3-1
Added Pin To Net: NetName=EN3 Pin=U2-14
Added Net: Name=EN3
Added Pin To Net: NetName=ES_1 Pin=J6-3
Added Pin To Net: NetName=ES_1 Pin=U2-28
Added Net: Name=ES_1
Added Pin To Net: NetName=ES_2 Pin=J7-3
Added Pin To Net: NetName=ES_2 Pin=U2-27
Added Net: Name=ES_2
Added Pin To Net: NetName=GND Pin=C1_SM1-2
Added Pin To Net: NetName=GND Pin=C1_SM2-2
Added Pin To Net: NetName=GND Pin=C1_SM3-2
Added Pin To Net: NetName=GND Pin=C2-2
Added Pin To Net: NetName=GND Pin=C3-2
Added Pin To Net: NetName=GND Pin=C4-2
Added Pin To Net: NetName=GND Pin=C5-2
Added Pin To Net: NetName=GND Pin=C6-2
Added Pin To Net: NetName=GND Pin=C7-2
Added Pin To Net: NetName=GND Pin=C8-2
Added Pin To Net: NetName=GND Pin=J2-4
Added Pin To Net: NetName=GND Pin=J3-2
Added Pin To Net: NetName=GND Pin=J4-2
Added Pin To Net: NetName=GND Pin=J5-2
Added Pin To Net: NetName=GND Pin=J6-2
Added Pin To Net: NetName=GND Pin=J7-2
Added Pin To Net: NetName=GND Pin=J8-2
Added Pin To Net: NetName=GND Pin=R2-1
Added Pin To Net: NetName=GND Pin=U1_SM1-9
Added Pin To Net: NetName=GND Pin=U1_SM1-15
Added Pin To Net: NetName=GND Pin=U1_SM2-9
Added Pin To Net: NetName=GND Pin=U1_SM2-15
Added Pin To Net: NetName=GND Pin=U1_SM3-9
Added Pin To Net: NetName=GND Pin=U1_SM3-15
Added Pin To Net: NetName=GND Pin=U2-1
Added Pin To Net: NetName=GND Pin=U2-15
Added Pin To Net: NetName=GND Pin=U2-38
Added Pin To Net: NetName=GND Pin=U2-39
Added Pin To Net: NetName=GND Pin=U3-1
Added Pin To Net: NetName=GND Pin=U6-3
Added Pin To Net: NetName=GND Pin=U7-1
Added Pin To Net: NetName=GND Pin=U7-4
Added Net: Name=GND
Added Pin To Net: NetName=MISO Pin=U2-31
Added Pin To Net: NetName=MISO Pin=U3-3
Added Net: Name=MISO
Added Pin To Net: NetName=MOSI Pin=U2-37
Added Pin To Net: NetName=MOSI Pin=U3-4
Added Net: Name=MOSI
Added Pin To Net: NetName=NetC4_1 Pin=C4-1
Added Pin To Net: NetName=NetC4_1 Pin=R1-1
Added Net: Name=NetC4_1
Added Pin To Net: NetName=NetD1_2 Pin=D1-2
Added Pin To Net: NetName=NetD1_2 Pin=R2-2
Added Net: Name=NetD1_2
Added Pin To Net: NetName=NetJ1_SM1_1 Pin=J1_SM1-1
Added Pin To Net: NetName=NetJ1_SM1_1 Pin=U1_SM1-14
Added Net: Name=NetJ1_SM1_1
Added Pin To Net: NetName=NetJ1_SM1_2 Pin=J1_SM1-2
Added Pin To Net: NetName=NetJ1_SM1_2 Pin=U1_SM1-13
Added Net: Name=NetJ1_SM1_2
Added Pin To Net: NetName=NetJ1_SM1_3 Pin=J1_SM1-3
Added Pin To Net: NetName=NetJ1_SM1_3 Pin=U1_SM1-12
Added Net: Name=NetJ1_SM1_3
Added Pin To Net: NetName=NetJ1_SM1_4 Pin=J1_SM1-4
Added Pin To Net: NetName=NetJ1_SM1_4 Pin=U1_SM1-11
Added Net: Name=NetJ1_SM1_4
Added Pin To Net: NetName=NetJ1_SM2_1 Pin=J1_SM2-1
Added Pin To Net: NetName=NetJ1_SM2_1 Pin=U1_SM2-14
Added Net: Name=NetJ1_SM2_1
Added Pin To Net: NetName=NetJ1_SM2_2 Pin=J1_SM2-2
Added Pin To Net: NetName=NetJ1_SM2_2 Pin=U1_SM2-13
Added Net: Name=NetJ1_SM2_2
Added Pin To Net: NetName=NetJ1_SM2_3 Pin=J1_SM2-3
Added Pin To Net: NetName=NetJ1_SM2_3 Pin=U1_SM2-12
Added Net: Name=NetJ1_SM2_3
Added Pin To Net: NetName=NetJ1_SM2_4 Pin=J1_SM2-4
Added Pin To Net: NetName=NetJ1_SM2_4 Pin=U1_SM2-11
Added Net: Name=NetJ1_SM2_4
Added Pin To Net: NetName=NetJ1_SM3_1 Pin=J1_SM3-1
Added Pin To Net: NetName=NetJ1_SM3_1 Pin=U1_SM3-14
Added Net: Name=NetJ1_SM3_1
Added Pin To Net: NetName=NetJ1_SM3_2 Pin=J1_SM3-2
Added Pin To Net: NetName=NetJ1_SM3_2 Pin=U1_SM3-13
Added Net: Name=NetJ1_SM3_2
Added Pin To Net: NetName=NetJ1_SM3_3 Pin=J1_SM3-3
Added Pin To Net: NetName=NetJ1_SM3_3 Pin=U1_SM3-12
Added Net: Name=NetJ1_SM3_3
Added Pin To Net: NetName=NetJ1_SM3_4 Pin=J1_SM3-4
Added Pin To Net: NetName=NetJ1_SM3_4 Pin=U1_SM3-11
Added Net: Name=NetJ1_SM3_4
Added Pin To Net: NetName=NetR1_2 Pin=R1-2
Added Pin To Net: NetName=NetR1_2 Pin=U2-3
Added Net: Name=NetR1_2
Added Pin To Net: NetName=NetU1_SM1_5 Pin=U1_SM1-5
Added Pin To Net: NetName=NetU1_SM1_5 Pin=U1_SM1-6
Added Net: Name=NetU1_SM1_5
Added Pin To Net: NetName=NetU1_SM2_5 Pin=U1_SM2-5
Added Pin To Net: NetName=NetU1_SM2_5 Pin=U1_SM2-6
Added Net: Name=NetU1_SM2_5
Added Pin To Net: NetName=NetU1_SM3_5 Pin=U1_SM3-5
Added Pin To Net: NetName=NetU1_SM3_5 Pin=U1_SM3-6
Added Net: Name=NetU1_SM3_5
Added Pin To Net: NetName=NetU2_24 Pin=U2-24
Added Net: Name=NetU2_24
Added Pin To Net: NetName=RXD Pin=J2-2
Added Pin To Net: NetName=RXD Pin=U2-35
Added Net: Name=RXD
Added Pin To Net: NetName=SCK Pin=U2-30
Added Pin To Net: NetName=SCK Pin=U3-5
Added Net: Name=SCK
Added Pin To Net: NetName=SHARP1 Pin=J3-3
Added Pin To Net: NetName=SHARP1 Pin=U2-26
Added Net: Name=SHARP1
Added Pin To Net: NetName=SHARP2 Pin=J4-3
Added Pin To Net: NetName=SHARP2 Pin=U2-25
Added Net: Name=SHARP2
Added Pin To Net: NetName=STEP1 Pin=U1_SM1-7
Added Pin To Net: NetName=STEP1 Pin=U2-6
Added Net: Name=STEP1
Added Pin To Net: NetName=STEP2 Pin=U1_SM2-7
Added Pin To Net: NetName=STEP2 Pin=U2-7
Added Net: Name=STEP2
Added Pin To Net: NetName=STEP3 Pin=U1_SM3-7
Added Pin To Net: NetName=STEP3 Pin=U2-8
Added Net: Name=STEP3
Added Pin To Net: NetName=TXD Pin=J2-3
Added Pin To Net: NetName=TXD Pin=U2-34
Added Net: Name=TXD
Added Room: Name=Sheet
Added Room: Name=SM1
Added Room: Name=SM2
Added Room: Name=SM3
