Added Component: Designator=C5(6-0805_L)
Add component (AddParameter): Name = "LatestRevisionDate"; Value = "17-Jul-2002"; VariantName = "[No Variations]"
Add component (AddParameter): Name = "LatestRevisionNote"; Value = "Re-released for DXP Platform."; VariantName = "[No Variations]"
Add component (AddParameter): Name = "PackageDescription"; Value = "Polarized Capacitor (Radial); 2 Leads"; VariantName = "[No Variations]"
Add component (AddParameter): Name = "PackageReference"; Value = "RB7.6-15"; VariantName = "[No Variations]"
Add component (AddParameter): Name = "Published"; Value = "8-Jun-2000"; VariantName = "[No Variations]"
Add component (AddParameter): Name = "Publisher"; Value = "Altium Limited"; VariantName = "[No Variations]"
Add component (AddParameter): Name = "Value"; Value = "0.1uF"; VariantName = "[No Variations]"
Added Component: Designator=C6(6-0805_L)
Add component (AddParameter): Name = "LatestRevisionDate"; Value = "17-Jul-2002"; VariantName = "[No Variations]"
Add component (AddParameter): Name = "LatestRevisionNote"; Value = "Re-released for DXP Platform."; VariantName = "[No Variations]"
Add component (AddParameter): Name = "PackageDescription"; Value = "Polarized Capacitor (Radial); 2 Leads"; VariantName = "[No Variations]"
Add component (AddParameter): Name = "PackageReference"; Value = "RB7.6-15"; VariantName = "[No Variations]"
Add component (AddParameter): Name = "Published"; Value = "8-Jun-2000"; VariantName = "[No Variations]"
Add component (AddParameter): Name = "Publisher"; Value = "Altium Limited"; VariantName = "[No Variations]"
Add component (AddParameter): Name = "Value"; Value = "0.1uF"; VariantName = "[No Variations]"
Added Component: Designator=J8(DC_JACK)
Added Component: Designator=U6(LM7805)
Added Pin To Net: NetName=+12 Pin=C5-1
Added Pin To Net: NetName=GND Pin=C5-2
Added Pin To Net: NetName=+5 Pin=C6-1
Added Pin To Net: NetName=GND Pin=C6-2
Added Pin To Net: NetName=+12 Pin=J8-1
Added Pin To Net: NetName=GND Pin=J8-2
Added Pin To Net: NetName=+12 Pin=U6-1
Added Pin To Net: NetName=+5 Pin=U6-2
Added Pin To Net: NetName=GND Pin=U6-3
Added Member To Class: ClassName=Sheet Member=Component C2 Cap Pol1
Added Member To Class: ClassName=Sheet Member=Component C3 Cap Pol1
Added Member To Class: ClassName=Sheet Member=Component C4 Cap Pol1
Added Member To Class: ClassName=Sheet Member=Component C5 Cap Pol1
Added Member To Class: ClassName=Sheet Member=Component C6 Cap Pol1
Added Member To Class: ClassName=Sheet Member=Component J4 Sharp IR
Added Member To Class: ClassName=Sheet Member=Component J5 FAN
Added Member To Class: ClassName=Sheet Member=Component J7 Endstop
Added Member To Class: ClassName=Sheet Member=Component J8 DC_JACK
Added Member To Class: ClassName=Sheet Member=Component R1 Res1
Added Member To Class: ClassName=Sheet Member=Component U6 LM7805
Added Room: Name=Sheet
Added Room: Name=SM1
Added Room: Name=SM2
Added Room: Name=SM3
