Added Component: Designator=J1_SM1(JST_4P)
Added Component: Designator=J1_SM2(JST_4P)
Added Component: Designator=J1_SM3(JST_4P)
Added Component: Designator=J?(TTL)
Added Component: Designator=J?(SHARP_IR)
Added Component: Designator=J?(ENDSTOP)
Added Component: Designator=J?(JST_2P)
Added Component: Designator=J?(ENDSTOP)
Added Component: Designator=J?(SHARP_IR)
Added Pin To Net: NetName=NetJ1_SM1_1 Pin=J1_SM1-1
Added Pin To Net: NetName=NetJ1_SM1_2 Pin=J1_SM1-2
Added Pin To Net: NetName=NetJ1_SM1_3 Pin=J1_SM1-3
Added Pin To Net: NetName=NetJ1_SM1_4 Pin=J1_SM1-4
Added Pin To Net: NetName=NetJ1_SM2_1 Pin=J1_SM2-1
Added Pin To Net: NetName=NetJ1_SM2_2 Pin=J1_SM2-2
Added Pin To Net: NetName=NetJ1_SM2_3 Pin=J1_SM2-3
Added Pin To Net: NetName=NetJ1_SM2_4 Pin=J1_SM2-4
Added Pin To Net: NetName=NetJ1_SM3_1 Pin=J1_SM3-1
Added Pin To Net: NetName=NetJ1_SM3_2 Pin=J1_SM3-2
Added Pin To Net: NetName=NetJ1_SM3_3 Pin=J1_SM3-3
Added Pin To Net: NetName=NetJ1_SM3_4 Pin=J1_SM3-4
Added Pin To Net: NetName=+5 Pin=J?-1
Added Pin To Net: NetName=+5 Pin=J?-1
Added Pin To Net: NetName=+5 Pin=J?-1
Added Pin To Net: NetName=+5 Pin=J?-1
Added Pin To Net: NetName=+5 Pin=J?-1
Added Pin To Net: NetName=+12 Pin=J?-1
Added Pin To Net: NetName=GND Pin=J?-2
Added Pin To Net: NetName=GND Pin=J?-2
Added Pin To Net: NetName=GND Pin=J?-2
Added Pin To Net: NetName=GND Pin=J?-2
Added Pin To Net: NetName=GND Pin=J?-2
Added Pin To Net: NetName=RXD Pin=J?-2
Added Pin To Net: NetName=ES_1 Pin=J?-3
Added Pin To Net: NetName=ES_2 Pin=J?-3
Added Pin To Net: NetName=SHARP1 Pin=J?-3
Added Pin To Net: NetName=SHARP2 Pin=J?-3
Added Pin To Net: NetName=TXD Pin=J?-3
Added Pin To Net: NetName=GND Pin=J?-4
Added Member To Class: ClassName=Sheet Member=Component C3 Cap Pol1
Added Member To Class: ClassName=Sheet Member=Component C4 Cap Pol1
Added Member To Class: ClassName=SM1 Member=Component J1_SM1 (J1) connector
Added Member To Class: ClassName=SM2 Member=Component J1_SM2 (J1) connector
Added Member To Class: ClassName=SM3 Member=Component J1_SM3 (J1) connector
Added Member To Class: ClassName=Sheet Member=Component J? connector
Added Member To Class: ClassName=Sheet Member=Component J? Sharp IR
Added Member To Class: ClassName=Sheet Member=Component J? Endstop
Added Member To Class: ClassName=Sheet Member=Component J? connector
Added Member To Class: ClassName=Sheet Member=Component J? Endstop
Added Member To Class: ClassName=Sheet Member=Component J? Sharp IR
Added Room: Name=Sheet
Added Room: Name=SM1
Added Room: Name=SM2
Added Room: Name=SM3
