Added Component: Designator=C1_SM1(FP-SC-MFG)
Added Component: Designator=C1_SM2(FP-SC-MFG)
Added Component: Designator=C1_SM3(FP-SC-MFG)
Added Component: Designator=C2(6-0805_N)
Add component (AddParameter): Name = "LatestRevisionDate"; Value = "17-Jul-2002"; VariantName = "[No Variations]"
Add component (AddParameter): Name = "LatestRevisionNote"; Value = "Re-released for DXP Platform."; VariantName = "[No Variations]"
Add component (AddParameter): Name = "PackageDescription"; Value = "Polarized Capacitor (Radial); 2 Leads"; VariantName = "[No Variations]"
Add component (AddParameter): Name = "PackageReference"; Value = "RB7.6-15"; VariantName = "[No Variations]"
Add component (AddParameter): Name = "Published"; Value = "8-Jun-2000"; VariantName = "[No Variations]"
Add component (AddParameter): Name = "Publisher"; Value = "Altium Limited"; VariantName = "[No Variations]"
Add component (AddParameter): Name = "Value"; Value = "100pF"; VariantName = "[No Variations]"
Added Component: Designator=C3(6-0805_N)
Add component (AddParameter): Name = "LatestRevisionDate"; Value = "17-Jul-2002"; VariantName = "[No Variations]"
Add component (AddParameter): Name = "LatestRevisionNote"; Value = "Re-released for DXP Platform."; VariantName = "[No Variations]"
Add component (AddParameter): Name = "PackageDescription"; Value = "Polarized Capacitor (Radial); 2 Leads"; VariantName = "[No Variations]"
Add component (AddParameter): Name = "PackageReference"; Value = "RB7.6-15"; VariantName = "[No Variations]"
Add component (AddParameter): Name = "Published"; Value = "8-Jun-2000"; VariantName = "[No Variations]"
Add component (AddParameter): Name = "Publisher"; Value = "Altium Limited"; VariantName = "[No Variations]"
Add component (AddParameter): Name = "Value"; Value = "100pF"; VariantName = "[No Variations]"
Added Component: Designator=C4(6-0805_N)
Add component (AddParameter): Name = "LatestRevisionDate"; Value = "17-Jul-2002"; VariantName = "[No Variations]"
Add component (AddParameter): Name = "LatestRevisionNote"; Value = "Re-released for DXP Platform."; VariantName = "[No Variations]"
Add component (AddParameter): Name = "PackageDescription"; Value = "Polarized Capacitor (Radial); 2 Leads"; VariantName = "[No Variations]"
Add component (AddParameter): Name = "PackageReference"; Value = "RB7.6-15"; VariantName = "[No Variations]"
Add component (AddParameter): Name = "Published"; Value = "8-Jun-2000"; VariantName = "[No Variations]"
Add component (AddParameter): Name = "Publisher"; Value = "Altium Limited"; VariantName = "[No Variations]"
Add component (AddParameter): Name = "Value"; Value = "100pF"; VariantName = "[No Variations]"
Added Component: Designator=C5(6-0805_N)
Add component (AddParameter): Name = "LatestRevisionDate"; Value = "17-Jul-2002"; VariantName = "[No Variations]"
Add component (AddParameter): Name = "LatestRevisionNote"; Value = "Re-released for DXP Platform."; VariantName = "[No Variations]"
Add component (AddParameter): Name = "PackageDescription"; Value = "Polarized Capacitor (Radial); 2 Leads"; VariantName = "[No Variations]"
Add component (AddParameter): Name = "PackageReference"; Value = "RB7.6-15"; VariantName = "[No Variations]"
Add component (AddParameter): Name = "Published"; Value = "8-Jun-2000"; VariantName = "[No Variations]"
Add component (AddParameter): Name = "Publisher"; Value = "Altium Limited"; VariantName = "[No Variations]"
Add component (AddParameter): Name = "Value"; Value = "22uF"; VariantName = "[No Variations]"
Added Component: Designator=C6(6-0805_N)
Add component (AddParameter): Name = "LatestRevisionDate"; Value = "17-Jul-2002"; VariantName = "[No Variations]"
Add component (AddParameter): Name = "LatestRevisionNote"; Value = "Re-released for DXP Platform."; VariantName = "[No Variations]"
Add component (AddParameter): Name = "PackageDescription"; Value = "Polarized Capacitor (Radial); 2 Leads"; VariantName = "[No Variations]"
Add component (AddParameter): Name = "PackageReference"; Value = "RB7.6-15"; VariantName = "[No Variations]"
Add component (AddParameter): Name = "Published"; Value = "8-Jun-2000"; VariantName = "[No Variations]"
Add component (AddParameter): Name = "Publisher"; Value = "Altium Limited"; VariantName = "[No Variations]"
Add component (AddParameter): Name = "Value"; Value = "0.1uF"; VariantName = "[No Variations]"
Added Component: Designator=C7(6-0805_N)
Add component (AddParameter): Name = "LatestRevisionDate"; Value = "17-Jul-2002"; VariantName = "[No Variations]"
Add component (AddParameter): Name = "LatestRevisionNote"; Value = "Re-released for DXP Platform."; VariantName = "[No Variations]"
Add component (AddParameter): Name = "PackageDescription"; Value = "Polarized Capacitor (Radial); 2 Leads"; VariantName = "[No Variations]"
Add component (AddParameter): Name = "PackageReference"; Value = "RB7.6-15"; VariantName = "[No Variations]"
Add component (AddParameter): Name = "Published"; Value = "8-Jun-2000"; VariantName = "[No Variations]"
Add component (AddParameter): Name = "Publisher"; Value = "Altium Limited"; VariantName = "[No Variations]"
Add component (AddParameter): Name = "Value"; Value = "10uF"; VariantName = "[No Variations]"
Added Component: Designator=C8(6-0805_N)
Add component (AddParameter): Name = "LatestRevisionDate"; Value = "17-Jul-2002"; VariantName = "[No Variations]"
Add component (AddParameter): Name = "LatestRevisionNote"; Value = "Re-released for DXP Platform."; VariantName = "[No Variations]"
Add component (AddParameter): Name = "PackageDescription"; Value = "Polarized Capacitor (Radial); 2 Leads"; VariantName = "[No Variations]"
Add component (AddParameter): Name = "PackageReference"; Value = "RB7.6-15"; VariantName = "[No Variations]"
Add component (AddParameter): Name = "Published"; Value = "8-Jun-2000"; VariantName = "[No Variations]"
Add component (AddParameter): Name = "Publisher"; Value = "Altium Limited"; VariantName = "[No Variations]"
Add component (AddParameter): Name = "Value"; Value = "10uF"; VariantName = "[No Variations]"
Added Component: Designator=D1(3.2X1.6X1.1)
Add component (AddParameter): Name = "LatestRevisionDate"; Value = "17-Jul-2002"; VariantName = "[No Variations]"
Add component (AddParameter): Name = "LatestRevisionNote"; Value = "Re-released for DXP Platform."; VariantName = "[No Variations]"
Add component (AddParameter): Name = "PackageDescription"; Value = "SM LED; 2 Flat Leads"; VariantName = "[No Variations]"
Add component (AddParameter): Name = "PackageReference"; Value = "3.2X1.6X1.1"; VariantName = "[No Variations]"
Add component (AddParameter): Name = "PackageVersion"; Value = "Feb-2002"; VariantName = "[No Variations]"
Add component (AddParameter): Name = "Published"; Value = "8-Jun-2000"; VariantName = "[No Variations]"
Add component (AddParameter): Name = "Publisher"; Value = "Altium Limited"; VariantName = "[No Variations]"
Added Component: Designator=J1_SM1(JST_4P)
Added Component: Designator=J1_SM2(JST_4P)
Added Component: Designator=J1_SM3(JST_4P)
Added Component: Designator=J2(TTL)
Added Component: Designator=J3(SD_CARD)
Added Component: Designator=J4(JST_4P)
Added Component: Designator=J5(SHARP_IR)
Added Component: Designator=J6(SHARP_IR)
Added Component: Designator=J7(JST_2P)
Added Component: Designator=J8(JST_5P)
Added Component: Designator=J9(ENDSTOP)
Added Component: Designator=J10(ENDSTOP)
Added Component: Designator=J11(JST_2P)
Added Component: Designator=J12(DC_JACK)
Added Component: Designator=LS1(FP-SDC1610M5-01-MFG)
Added Component: Designator=R1(6-0805_N)
Add component (AddParameter): Name = "LatestRevisionDate"; Value = "17-Jul-2002"; VariantName = "[No Variations]"
Add component (AddParameter): Name = "LatestRevisionNote"; Value = "Re-released for DXP Platform."; VariantName = "[No Variations]"
Add component (AddParameter): Name = "PackageDescription"; Value = "Axial Device, Thru-Hole; 2 Leads; 0.3 in Pin Spacing"; VariantName = "[No Variations]"
Add component (AddParameter): Name = "PackageReference"; Value = "AXIAL-0.3"; VariantName = "[No Variations]"
Add component (AddParameter): Name = "Published"; Value = "8-Jun-2000"; VariantName = "[No Variations]"
Add component (AddParameter): Name = "Publisher"; Value = "Altium Limited"; VariantName = "[No Variations]"
Add component (AddParameter): Name = "Value"; Value = "1K"; VariantName = "[No Variations]"
Added Component: Designator=R2(6-0805_N)
Add component (AddParameter): Name = "LatestRevisionDate"; Value = "17-Jul-2002"; VariantName = "[No Variations]"
Add component (AddParameter): Name = "LatestRevisionNote"; Value = "Re-released for DXP Platform."; VariantName = "[No Variations]"
Add component (AddParameter): Name = "PackageDescription"; Value = "Axial Device, Thru-Hole; 2 Leads; 0.3 in Pin Spacing"; VariantName = "[No Variations]"
Add component (AddParameter): Name = "PackageReference"; Value = "AXIAL-0.3"; VariantName = "[No Variations]"
Add component (AddParameter): Name = "Published"; Value = "8-Jun-2000"; VariantName = "[No Variations]"
Add component (AddParameter): Name = "Publisher"; Value = "Altium Limited"; VariantName = "[No Variations]"
Add component (AddParameter): Name = "Value"; Value = "1K"; VariantName = "[No Variations]"
Added Component: Designator=SW1(TECO-1825910-6_V)
Added Component: Designator=SW2(TECO-1825910-6_V)
Added Component: Designator=U1_SM1(A4988)
Added Component: Designator=U1_SM2(A4988)
Added Component: Designator=U1_SM3(A4988)
Added Component: Designator=U2(ESP_SoC_Module)
Added Component: Designator=U3(LM7805)
Added Component: Designator=U4(LM1117_3V3)
Added Pin To Net: NetName=NetC2_1 Pin=C2-1
Added Pin To Net: NetName=GND Pin=C2-2
Added Pin To Net: NetName=+3V3 Pin=C3-1
Added Pin To Net: NetName=GND Pin=C3-2
Added Pin To Net: NetName=+3V3 Pin=C4-1
Added Pin To Net: NetName=GND Pin=C4-2
Added Pin To Net: NetName=+12 Pin=C5-1
Added Pin To Net: NetName=GND Pin=C5-2
Added Pin To Net: NetName=+5 Pin=C6-1
Added Pin To Net: NetName=GND Pin=C6-2
Added Pin To Net: NetName=+5 Pin=C7-1
Added Pin To Net: NetName=GND Pin=C7-2
Added Pin To Net: NetName=+3V3 Pin=C8-1
Added Pin To Net: NetName=GND Pin=C8-2
Added Pin To Net: NetName=+5 Pin=D1-1
Added Pin To Net: NetName=NetD1_2 Pin=D1-2
Added Pin To Net: NetName=NetJ1_SM1_1 Pin=J1_SM1-1
Added Pin To Net: NetName=NetJ1_SM1_2 Pin=J1_SM1-2
Added Pin To Net: NetName=NetJ1_SM1_3 Pin=J1_SM1-3
Added Pin To Net: NetName=NetJ1_SM1_4 Pin=J1_SM1-4
Added Pin To Net: NetName=NetJ1_SM2_1 Pin=J1_SM2-1
Added Pin To Net: NetName=NetJ1_SM2_2 Pin=J1_SM2-2
Added Pin To Net: NetName=NetJ1_SM2_3 Pin=J1_SM2-3
Added Pin To Net: NetName=NetJ1_SM2_4 Pin=J1_SM2-4
Added Pin To Net: NetName=NetJ1_SM3_1 Pin=J1_SM3-1
Added Pin To Net: NetName=NetJ1_SM3_2 Pin=J1_SM3-2
Added Pin To Net: NetName=NetJ1_SM3_3 Pin=J1_SM3-3
Added Pin To Net: NetName=NetJ1_SM3_4 Pin=J1_SM3-4
Added Pin To Net: NetName=GND Pin=J2-1
Added Pin To Net: NetName=TXD Pin=J2-2
Added Pin To Net: NetName=RXD Pin=J2-3
Added Pin To Net: NetName=+5 Pin=J2-4
Added Pin To Net: NetName=+5 Pin=J3-1
Added Pin To Net: NetName=GND Pin=J3-2
Added Pin To Net: NetName=MOSI Pin=J3-3
Added Pin To Net: NetName=MISO Pin=J3-4
Added Pin To Net: NetName=SCK Pin=J3-5
Added Pin To Net: NetName=CS_SD Pin=J3-6
Added Pin To Net: NetName=GND Pin=J4-1
Added Pin To Net: NetName=+5 Pin=J4-2
Added Pin To Net: NetName=SDA Pin=J4-3
Added Pin To Net: NetName=SCL Pin=J4-4
Added Pin To Net: NetName=+5 Pin=J5-1
Added Pin To Net: NetName=GND Pin=J5-2
Added Pin To Net: NetName=SHARP1 Pin=J5-3
Added Pin To Net: NetName=+5 Pin=J6-1
Added Pin To Net: NetName=GND Pin=J6-2
Added Pin To Net: NetName=SHARP2 Pin=J6-3
Added Pin To Net: NetName=+12 Pin=J7-1
Added Pin To Net: NetName=GND Pin=J7-2
Added Pin To Net: NetName=GND Pin=J8-1
Added Pin To Net: NetName=+5 Pin=J8-2
Added Pin To Net: NetName=OUT_A Pin=J8-3
Added Pin To Net: NetName=OUT_B Pin=J8-4
Added Pin To Net: NetName=SW Pin=J8-5
Added Pin To Net: NetName=+5 Pin=J9-1
Added Pin To Net: NetName=GND Pin=J9-2
Added Pin To Net: NetName=ES_1 Pin=J9-3
Added Pin To Net: NetName=+5 Pin=J10-1
Added Pin To Net: NetName=GND Pin=J10-2
Added Pin To Net: NetName=ES_2 Pin=J10-3
Added Pin To Net: NetName=NetJ11_1 Pin=J11-1
Added Pin To Net: NetName=+12 Pin=J11-2
Added Pin To Net: NetName=NetJ11_1 Pin=J12-1
Added Pin To Net: NetName=GND Pin=J12-2
Added Pin To Net: NetName=GND Pin=J12-3
Added Pin To Net: NetName=NetC2_1 Pin=R1-1
Added Pin To Net: NetName=NetR1_2 Pin=R1-2
Added Pin To Net: NetName=GND Pin=R2-1
Added Pin To Net: NetName=NetD1_2 Pin=R2-2
Added Pin To Net: NetName=EN1 Pin=U1_SM1-1
Added Pin To Net: NetName=NetU1_SM1_5 Pin=U1_SM1-5
Added Pin To Net: NetName=NetU1_SM1_5 Pin=U1_SM1-6
Added Pin To Net: NetName=STEP1 Pin=U1_SM1-7
Added Pin To Net: NetName=DIR1 Pin=U1_SM1-8
Added Pin To Net: NetName=GND Pin=U1_SM1-9
Added Pin To Net: NetName=+5 Pin=U1_SM1-10
Added Pin To Net: NetName=NetJ1_SM1_4 Pin=U1_SM1-11
Added Pin To Net: NetName=NetJ1_SM1_3 Pin=U1_SM1-12
Added Pin To Net: NetName=NetJ1_SM1_2 Pin=U1_SM1-13
Added Pin To Net: NetName=NetJ1_SM1_1 Pin=U1_SM1-14
Added Pin To Net: NetName=GND Pin=U1_SM1-15
Added Pin To Net: NetName=+12 Pin=U1_SM1-16
Added Pin To Net: NetName=EN2 Pin=U1_SM2-1
Added Pin To Net: NetName=NetU1_SM2_5 Pin=U1_SM2-5
Added Pin To Net: NetName=NetU1_SM2_5 Pin=U1_SM2-6
Added Pin To Net: NetName=STEP2 Pin=U1_SM2-7
Added Pin To Net: NetName=DIR2 Pin=U1_SM2-8
Added Pin To Net: NetName=GND Pin=U1_SM2-9
Added Pin To Net: NetName=+5 Pin=U1_SM2-10
Added Pin To Net: NetName=NetJ1_SM2_4 Pin=U1_SM2-11
Added Pin To Net: NetName=NetJ1_SM2_3 Pin=U1_SM2-12
Added Pin To Net: NetName=NetJ1_SM2_2 Pin=U1_SM2-13
Added Pin To Net: NetName=NetJ1_SM2_1 Pin=U1_SM2-14
Added Pin To Net: NetName=GND Pin=U1_SM2-15
Added Pin To Net: NetName=+12 Pin=U1_SM2-16
Added Pin To Net: NetName=EN3 Pin=U1_SM3-1
Added Pin To Net: NetName=NetU1_SM3_5 Pin=U1_SM3-5
Added Pin To Net: NetName=NetU1_SM3_5 Pin=U1_SM3-6
Added Pin To Net: NetName=STEP3 Pin=U1_SM3-7
Added Pin To Net: NetName=DIR3 Pin=U1_SM3-8
Added Pin To Net: NetName=GND Pin=U1_SM3-9
Added Pin To Net: NetName=+5 Pin=U1_SM3-10
Added Pin To Net: NetName=NetJ1_SM3_4 Pin=U1_SM3-11
Added Pin To Net: NetName=NetJ1_SM3_3 Pin=U1_SM3-12
Added Pin To Net: NetName=NetJ1_SM3_2 Pin=U1_SM3-13
Added Pin To Net: NetName=NetJ1_SM3_1 Pin=U1_SM3-14
Added Pin To Net: NetName=GND Pin=U1_SM3-15
Added Pin To Net: NetName=+12 Pin=U1_SM3-16
Added Pin To Net: NetName=GND Pin=U2-1
Added Pin To Net: NetName=+3V3 Pin=U2-2
Added Pin To Net: NetName=NetR1_2 Pin=U2-3
Added Pin To Net: NetName=DIR1 Pin=U2-6
Added Pin To Net: NetName=STEP1 Pin=U2-7
Added Pin To Net: NetName=EN1 Pin=U2-8
Added Pin To Net: NetName=DIR2 Pin=U2-9
Added Pin To Net: NetName=STEP2 Pin=U2-10
Added Pin To Net: NetName=EN2 Pin=U2-11
Added Pin To Net: NetName=DIR3 Pin=U2-12
Added Pin To Net: NetName=STEP3 Pin=U2-13
Added Pin To Net: NetName=EN3 Pin=U2-14
Added Pin To Net: NetName=GND Pin=U2-15
Added Pin To Net: NetName=BUZZ Pin=U2-16
Added Pin To Net: NetName=OUT_A Pin=U2-21
Added Pin To Net: NetName=OUT_B Pin=U2-22
Added Pin To Net: NetName=SW Pin=U2-23
Added Pin To Net: NetName=NetSW2_2 Pin=U2-24
Added Pin To Net: NetName=SHARP2 Pin=U2-25
Added Pin To Net: NetName=SHARP1 Pin=U2-26
Added Pin To Net: NetName=ES_2 Pin=U2-27
Added Pin To Net: NetName=ES_1 Pin=U2-28
Added Pin To Net: NetName=CS_SD Pin=U2-29
Added Pin To Net: NetName=SCK Pin=U2-30
Added Pin To Net: NetName=MISO Pin=U2-31
Added Pin To Net: NetName=SDA Pin=U2-33
Added Pin To Net: NetName=TXD Pin=U2-34
Added Pin To Net: NetName=RXD Pin=U2-35
Added Pin To Net: NetName=SCL Pin=U2-36
Added Pin To Net: NetName=MOSI Pin=U2-37
Added Pin To Net: NetName=GND Pin=U2-38
Added Pin To Net: NetName=GND Pin=U2-39
Added Pin To Net: NetName=+12 Pin=U3-1
Added Pin To Net: NetName=+5 Pin=U3-2
Added Pin To Net: NetName=GND Pin=U3-3
Added Pin To Net: NetName=GND Pin=U4-1
Added Pin To Net: NetName=+3V3 Pin=U4-2
Added Pin To Net: NetName=+5 Pin=U4-3
Added Pin To Net: NetName=GND Pin=U4-4
Added Member To Class: ClassName=Sheet Member=Component C2 Cap Pol1
Added Member To Class: ClassName=Sheet Member=Component C3 Cap Pol1
Added Member To Class: ClassName=Sheet Member=Component C4 Cap Pol1
Added Member To Class: ClassName=Sheet Member=Component C5 Cap Pol1
Added Member To Class: ClassName=Sheet Member=Component C6 Cap Pol1
Added Member To Class: ClassName=Sheet Member=Component C7 Cap Pol1
Added Member To Class: ClassName=Sheet Member=Component C8 Cap Pol1
Added Member To Class: ClassName=Sheet Member=Component D1 LED2
Added Member To Class: ClassName=SM1 Member=Component J1_SM1 (J1) connector
Added Member To Class: ClassName=SM2 Member=Component J1_SM2 (J1) connector
Added Member To Class: ClassName=SM3 Member=Component J1_SM3 (J1) connector
Added Member To Class: ClassName=Sheet Member=Component J2 TTL
Added Member To Class: ClassName=Sheet Member=Component J3 SD_CARD
Added Member To Class: ClassName=Sheet Member=Component J4 LED_I2C
Added Member To Class: ClassName=Sheet Member=Component J5 Sharp IR
Added Member To Class: ClassName=Sheet Member=Component J6 Sharp IR
Added Member To Class: ClassName=Sheet Member=Component J7 FAN
Added Member To Class: ClassName=Sheet Member=Component J8 ENCODER
Added Member To Class: ClassName=Sheet Member=Component J9 Endstop
Added Member To Class: ClassName=Sheet Member=Component J10 Endstop
Added Member To Class: ClassName=Sheet Member=Component J11 PWR_SW
Added Member To Class: ClassName=Sheet Member=Component J12 DC_JACK
Added Member To Class: ClassName=Sheet Member=Component R1 Res1
Added Member To Class: ClassName=Sheet Member=Component R2 Res1
Added Member To Class: ClassName=SM1 Member=Component U1_SM1 (U1) Stepper Motor Driver
Added Member To Class: ClassName=SM2 Member=Component U1_SM2 (U1) Stepper Motor Driver
Added Member To Class: ClassName=SM3 Member=Component U1_SM3 (U1) Stepper Motor Driver
Added Member To Class: ClassName=Sheet Member=Component U2 ESP_32
Added Member To Class: ClassName=Sheet Member=Component U3 LM7805
Added Member To Class: ClassName=Sheet Member=Component U4 LM1117_3V3
Added Room: Name=Sheet
Added Room: Name=SM1
Added Room: Name=SM2
Added Room: Name=SM3
